Build started 10/2/2014 1:51:18 PM.
     1>Project "C:\Users\A5mer_000\Documents\Repos\PostfixExpression\PostFixExpression\PostFixExpression\PostFixExpression.vcxproj" on node 2 (Build target(s)).
     1>ClCompile:
         C:\Program Files (x86)\Microsoft Visual Studio 13.0\VC\bin\CL.exe /c /ZI /nologo /W3 /WX- /Od /Oy- /D WIN32 /D _DEBUG /D _CONSOLE /D _LIB /D _UNICODE /D UNICODE /Gm /EHsc /RTC1 /MDd /GS /fp:precise /Zc:wchar_t /Zc:forScope /Fo"Debug\\" /Fd"Debug\vc120.pdb" /Gd /TP /analyze- /errorReport:prompt Source.cpp
         Source.cpp
     1>c:\users\a5mer_000\documents\repos\postfixexpression\postfixexpression\postfixexpression\source.cpp(37): error C2447: '{' : missing function header (old-style formal list?)
     1>c:\users\a5mer_000\documents\repos\postfixexpression\postfixexpression\postfixexpression\source.cpp(44): warning C4018: '<' : signed/unsigned mismatch
     1>Done Building Project "C:\Users\A5mer_000\Documents\Repos\PostfixExpression\PostFixExpression\PostFixExpression\PostFixExpression.vcxproj" (Build target(s)) -- FAILED.

Build FAILED.

Time Elapsed 00:00:00.47
